<?xml version="1.0" encoding="UTF-8"?>
<coverage generated="1485289664082" clover="3.2.0">
  <project timestamp="1485289664082" name="All files">
    <metrics statements="11" coveredstatements="9" conditionals="0" coveredconditionals="0" methods="6" coveredmethods="5" elements="17" coveredelements="14" complexity="0" loc="11" ncloc="11" packages="1" files="2" classes="2">
      <file name="Search.js" path="/Users/bcostolo/projects/complete-intro-to-react-v2/js/Search.js">
        <metrics statements="7" coveredstatements="7" conditionals="0" coveredconditionals="0" methods="5" coveredmethods="5"/>
        <line num="7" count="3" type="stmt"/>
        <line num="8" count="3" type="stmt"/>
        <line num="9" count="3" type="stmt"/>
        <line num="13" count="1" type="stmt"/>
        <line num="17" count="4" type="stmt"/>
        <line num="25" count="84" type="stmt"/>
        <line num="27" count="65" type="stmt"/>
      </file>
      <file name="ShowCard.js" path="/Users/bcostolo/projects/complete-intro-to-react-v2/js/ShowCard.js">
        <metrics statements="4" coveredstatements="2" conditionals="0" coveredconditionals="0" methods="1" coveredmethods="0"/>
        <line num="2" count="1" type="stmt"/>
        <line num="6" count="0" type="stmt"/>
        <line num="7" count="0" type="stmt"/>
        <line num="20" count="1" type="stmt"/>
      </file>
    </metrics>
  </project>
</coverage>
