TN:
SF:/Users/bcostolo/projects/complete-intro-to-react-v2/js/Search.js
FN:6,(anonymous_0)
FN:12,(anonymous_1)
FN:16,(anonymous_2)
FN:24,(anonymous_3)
FN:26,(anonymous_4)
FNF:5
FNH:5
FNDA:3,(anonymous_0)
FNDA:1,(anonymous_1)
FNDA:4,(anonymous_2)
FNDA:84,(anonymous_3)
FNDA:65,(anonymous_4)
DA:7,3
DA:8,3
DA:9,3
DA:13,1
DA:17,4
DA:25,84
DA:27,65
LF:7
LH:7
BRF:0
BRH:0
end_of_record
TN:
SF:/Users/bcostolo/projects/complete-intro-to-react-v2/js/ShowCard.js
FN:5,(anonymous_0)
FNF:1
FNH:0
FNDA:0,(anonymous_0)
DA:2,1
DA:6,0
DA:7,0
DA:20,1
LF:4
LH:2
BRF:0
BRH:0
end_of_record
